/Users/alperensevinc/Desktop/BaseAI/baseai/autodev/enterprise_loop.py:29: RuntimeWarning: coroutine 'audit_file' was never awaited
  rep = audit_file(path)
RuntimeWarning: Enable tracemalloc to get the object allocation traceback
/Users/alperensevinc/Desktop/BaseAI/baseai/autodev/enterprise_loop.py:51: RuntimeWarning: coroutine 'audit_file' was never awaited
  await _scan_once()
RuntimeWarning: Enable tracemalloc to get the object allocation traceback
/opt/homebrew/Cellar/python@3.11/3.11.14_1/Frameworks/Python.framework/Versions/3.11/lib/python3.11/typing.py:1732: RuntimeWarning: coroutine 'audit_file' was never awaited
  return hash(frozenset(_value_and_type_iter(self.__args__)))
RuntimeWarning: Enable tracemalloc to get the object allocation traceback
/opt/homebrew/Cellar/python@3.11/3.11.14_1/Frameworks/Python.framework/Versions/3.11/lib/python3.11/typing.py:1696: RuntimeWarning: coroutine 'audit_file' was never awaited
  return hash(frozenset(self.__args__))
RuntimeWarning: Enable tracemalloc to get the object allocation traceback
/opt/homebrew/Cellar/python@3.11/3.11.14_1/Frameworks/Python.framework/Versions/3.11/lib/python3.11/functools.py:76: RuntimeWarning: coroutine 'audit_file' was never awaited
  return partial(update_wrapper, wrapped=wrapped,
RuntimeWarning: Enable tracemalloc to get the object allocation traceback
/Users/alperensevinc/Desktop/BaseAI/.venv/lib/python3.11/site-packages/dotenv/variables.py:73: RuntimeWarning: coroutine 'audit_file' was never awaited
  for match in _posix_variable.finditer(value):
RuntimeWarning: Enable tracemalloc to get the object allocation traceback
/opt/homebrew/Cellar/python@3.11/3.11.14_1/Frameworks/Python.framework/Versions/3.11/lib/python3.11/threading.py:1020: RuntimeWarning: coroutine 'audit_file' was never awaited
  self._tstate_lock = _set_sentinel()
RuntimeWarning: Enable tracemalloc to get the object allocation traceback
/opt/homebrew/Cellar/python@3.11/3.11.14_1/Frameworks/Python.framework/Versions/3.11/lib/python3.11/contextlib.py:105: RuntimeWarning: coroutine 'audit_file' was never awaited
  self.gen = func(*args, **kwds)
RuntimeWarning: Enable tracemalloc to get the object allocation traceback
/opt/homebrew/Cellar/python@3.11/3.11.14_1/Frameworks/Python.framework/Versions/3.11/lib/python3.11/functools.py:50: RuntimeWarning: coroutine 'audit_file' was never awaited
  for attr in assigned:
RuntimeWarning: Enable tracemalloc to get the object allocation traceback
<frozen genericpath>:30: RuntimeWarning: coroutine 'audit_file' was never awaited
RuntimeWarning: Enable tracemalloc to get the object allocation traceback
/Users/alperensevinc/Desktop/BaseAI/.venv/lib/python3.11/site-packages/google/ai/generativelanguage_v1beta/services/generative_service/transports/base.py:134: RuntimeWarning: coroutine 'audit_file' was never awaited
  default_retry=retries.Retry(
RuntimeWarning: Enable tracemalloc to get the object allocation traceback
/opt/homebrew/Cellar/python@3.11/3.11.14_1/Frameworks/Python.framework/Versions/3.11/lib/python3.11/typing.py:1328: RuntimeWarning: coroutine 'audit_file' was never awaited
  return self.__subclasscheck__(type(obj))
RuntimeWarning: Enable tracemalloc to get the object allocation traceback
/Users/alperensevinc/Desktop/BaseAI/baseai/autodev/auto_refactor.py:112: RuntimeWarning: coroutine 'audit_file' was never awaited
RuntimeWarning: Enable tracemalloc to get the object allocation traceback
/Users/alperensevinc/Desktop/BaseAI/.venv/lib/python3.11/site-packages/google/api_core/retry/retry_unary.py:156: RuntimeWarning: coroutine 'audit_file' was never awaited
  next_sleep = _retry_error_helper(
RuntimeWarning: Enable tracemalloc to get the object allocation traceback
/opt/homebrew/Cellar/python@3.11/3.11.14_1/Frameworks/Python.framework/Versions/3.11/lib/python3.11/threading.py:249: RuntimeWarning: coroutine 'audit_file' was never awaited
  self.release = lock.release
RuntimeWarning: Enable tracemalloc to get the object allocation traceback
/opt/homebrew/Cellar/python@3.11/3.11.14_1/Frameworks/Python.framework/Versions/3.11/lib/python3.11/functools.py:52: RuntimeWarning: coroutine 'audit_file' was never awaited
  value = getattr(wrapped, attr)
RuntimeWarning: Enable tracemalloc to get the object allocation traceback
/Users/alperensevinc/Desktop/BaseAI/.venv/lib/python3.11/site-packages/grpc/_interceptor.py:793: RuntimeWarning: coroutine 'audit_file' was never awaited
RuntimeWarning: Enable tracemalloc to get the object allocation traceback
/Users/alperensevinc/Desktop/BaseAI/.venv/lib/python3.11/site-packages/google/api_core/retry/retry_base.py:214: RuntimeWarning: coroutine 'audit_file' was never awaited
RuntimeWarning: Enable tracemalloc to get the object allocation traceback
/Users/alperensevinc/Desktop/BaseAI/.venv/lib/python3.11/site-packages/google/ai/generativelanguage_v1beta/services/generative_service/transports/base.py:208: RuntimeWarning: coroutine 'audit_file' was never awaited
  predicate=retries.if_exception_type(
RuntimeWarning: Enable tracemalloc to get the object allocation traceback
/Users/alperensevinc/Desktop/BaseAI/.venv/lib/python3.11/site-packages/grpc/_interceptor.py:695: RuntimeWarning: coroutine 'audit_file' was never awaited
RuntimeWarning: Enable tracemalloc to get the object allocation traceback
<frozen _collections_abc>:780: RuntimeWarning: coroutine 'audit_file' was never awaited
RuntimeWarning: Enable tracemalloc to get the object allocation traceback
/Users/alperensevinc/Desktop/BaseAI/.venv/lib/python3.11/site-packages/grpc/_interceptor.py:715: RuntimeWarning: coroutine 'audit_file' was never awaited
RuntimeWarning: Enable tracemalloc to get the object allocation traceback
/Users/alperensevinc/Desktop/BaseAI/.venv/lib/python3.11/site-packages/google/ai/generativelanguage_v1beta/services/generative_service/transports/grpc.py:548: RuntimeWarning: coroutine 'audit_file' was never awaited
RuntimeWarning: Enable tracemalloc to get the object allocation traceback
/Users/alperensevinc/Desktop/BaseAI/.venv/lib/python3.11/site-packages/dotenv/parser.py:64: RuntimeWarning: coroutine 'audit_file' was never awaited
  
RuntimeWarning: Enable tracemalloc to get the object allocation traceback
/Users/alperensevinc/Desktop/BaseAI/.venv/lib/python3.11/site-packages/google/ai/generativelanguage_v1beta/services/generative_service/transports/grpc.py:447: RuntimeWarning: coroutine 'audit_file' was never awaited
RuntimeWarning: Enable tracemalloc to get the object allocation traceback
/Users/alperensevinc/Desktop/BaseAI/.venv/lib/python3.11/site-packages/google/ai/generativelanguage_v1beta/services/generative_service/transports/grpc.py:416: RuntimeWarning: coroutine 'audit_file' was never awaited
RuntimeWarning: Enable tracemalloc to get the object allocation traceback
/Users/alperensevinc/Desktop/BaseAI/.venv/lib/python3.11/site-packages/grpc/_interceptor.py:702: RuntimeWarning: coroutine 'audit_file' was never awaited
RuntimeWarning: Enable tracemalloc to get the object allocation traceback
/Users/alperensevinc/Desktop/BaseAI/.venv/lib/python3.11/site-packages/google/api_core/retry/retry_unary.py:147: RuntimeWarning: coroutine 'audit_file' was never awaited
  result = target()
RuntimeWarning: Enable tracemalloc to get the object allocation traceback
/Users/alperensevinc/Desktop/BaseAI/.venv/lib/python3.11/site-packages/google/ai/generativelanguage_v1beta/services/generative_service/transports/grpc.py:478: RuntimeWarning: coroutine 'audit_file' was never awaited
RuntimeWarning: Enable tracemalloc to get the object allocation traceback
/Users/alperensevinc/Desktop/BaseAI/.venv/lib/python3.11/site-packages/h11/_headers.py:173: RuntimeWarning: coroutine 'audit_file' was never awaited
  lengths = {length.strip() for length in value.split(b",")}
RuntimeWarning: Enable tracemalloc to get the object allocation traceback
/opt/homebrew/Cellar/python@3.11/3.11.14_1/Frameworks/Python.framework/Versions/3.11/lib/python3.11/threading.py:597: RuntimeWarning: coroutine 'audit_file' was never awaited
  with self._cond:
RuntimeWarning: Enable tracemalloc to get the object allocation traceback
/Users/alperensevinc/Desktop/BaseAI/.venv/lib/python3.11/site-packages/httpcore/_models.py:72: RuntimeWarning: coroutine 'audit_file' was never awaited
  (
RuntimeWarning: Enable tracemalloc to get the object allocation traceback
/Users/alperensevinc/Desktop/BaseAI/.venv/lib/python3.11/site-packages/httpcore/_sync/http11.py:333: RuntimeWarning: coroutine 'audit_file' was never awaited
  with Trace("receive_response_body", logger, self._request, kwargs):
RuntimeWarning: Enable tracemalloc to get the object allocation traceback
